<?xml version="1.0" encoding="UTF-8"?>
<!-- Generated by org.testng.reporters.JUnitReportReporter -->
<testsuite hostname="MUKESH-PF2XRWFT-82lN" failures="0" tests="1" name="Learning_Java.Check1" time="5.966" errors="0" timestamp="2023-11-21T11:19:01 IST" skipped="0">
  <testcase classname="Learning_Java.Check1" name="main" time="5.966"/>
  <system-out/>
</testsuite> <!-- Learning_Java.Check1 -->
